<?xml version="1.0" encoding="UTF-8"?>
<!-- Generated by org.testng.reporters.JUnitReportReporter -->
<testsuite hostname="DESKTOP-U5DCFPM" failures="0" tests="3" name="guru99bank.testcases.AddAccountTest" time="70.951" errors="0" timestamp="2023-11-11T13:57:31 IST" skipped="0">
  <testcase classname="guru99bank.testcases.AddAccountTest" name="testToVerifyAddNewAccountPage" time="19.577"/>
  <testcase classname="guru99bank.testcases.AddAccountTest" name="testToVerifyAccountDetailsPage" time="22.216"/>
  <testcase classname="guru99bank.testcases.AddAccountTest" name="testToVerifyNewlyCreatedAccountDetails" time="29.158"/>
</testsuite> <!-- guru99bank.testcases.AddAccountTest -->
