<?xml version="1.0" encoding="UTF-8"?>
<!-- Generated by org.testng.reporters.JUnitReportReporter -->
<testsuite hostname="DESKTOP-U5DCFPM" failures="0" tests="5" name="guru99bank.testcases.LoginTest" time="61.443" errors="0" timestamp="2023-11-11T13:57:31 IST" skipped="0">
  <testcase classname="guru99bank.testcases.LoginTest" name="testToVerifyLoginWithValidUserIdAndValidPassword" time="11.974"/>
  <testcase classname="guru99bank.testcases.LoginTest" name="testToVerifyManagersIdOnHomePage" time="11.976"/>
  <testcase classname="guru99bank.testcases.LoginTest" name="testToVerifyLoginWithInvalidUserIdAndValidPassword" time="10.894"/>
  <testcase classname="guru99bank.testcases.LoginTest" name="testToVerifyLoginWithValidUserIdAndInvalidPassword" time="10.872"/>
  <testcase classname="guru99bank.testcases.LoginTest" name="testToVerifyLoginWithInvalidUserIdAndInvalidPassword" time="15.727"/>
</testsuite> <!-- guru99bank.testcases.LoginTest -->
