<?xml version="1.0" encoding="UTF-8"?>
<!-- Generated by org.testng.reporters.JUnitReportReporter -->
<testsuite hostname="DESKTOP-U5DCFPM" failures="0" tests="1" name="guru99bank.testcases.LogoutTest" time="14.548" errors="0" timestamp="2023-11-11T13:52:24 IST" skipped="0">
  <testcase classname="guru99bank.testcases.LogoutTest" name="testToVerifyLogoutFromApplication" time="14.548"/>
</testsuite> <!-- guru99bank.testcases.LogoutTest -->
