<?xml version="1.0" encoding="UTF-8"?>
<!-- Generated by org.testng.reporters.JUnitReportReporter -->
<testsuite hostname="DESKTOP-U5DCFPM" failures="0" tests="5" name="guru99bank.testcases.LoginTest" time="96.932" errors="0" timestamp="2023-11-11T13:52:24 IST" skipped="0">
  <testcase classname="guru99bank.testcases.LoginTest" name="testToVerifyLoginWithValidUserIdAndValidPassword" time="20.878"/>
  <testcase classname="guru99bank.testcases.LoginTest" name="testToVerifyManagersIdOnHomePage" time="14.020"/>
  <testcase classname="guru99bank.testcases.LoginTest" name="testToVerifyLoginWithInvalidUserIdAndValidPassword" time="23.761"/>
  <testcase classname="guru99bank.testcases.LoginTest" name="testToVerifyLoginWithValidUserIdAndInvalidPassword" time="19.875"/>
  <testcase classname="guru99bank.testcases.LoginTest" name="testToVerifyLoginWithInvalidUserIdAndInvalidPassword" time="18.398"/>
</testsuite> <!-- guru99bank.testcases.LoginTest -->
