<?xml version="1.0" encoding="UTF-8"?>
<!-- Generated by org.testng.reporters.JUnitReportReporter -->
<testsuite hostname="DESKTOP-U5DCFPM" failures="0" tests="3" name="guru99bank.testcases.AddAccountTest" time="50.431" errors="0" timestamp="2023-11-11T13:52:24 IST" skipped="0">
  <testcase classname="guru99bank.testcases.AddAccountTest" name="testToVerifyAddNewAccountPage" time="11.296"/>
  <testcase classname="guru99bank.testcases.AddAccountTest" name="testToVerifyAccountDetailsPage" time="20.531"/>
  <testcase classname="guru99bank.testcases.AddAccountTest" name="testToVerifyNewlyCreatedAccountDetails" time="18.604"/>
</testsuite> <!-- guru99bank.testcases.AddAccountTest -->
