<?xml version="1.0" encoding="UTF-8"?>
<!-- Generated by org.testng.reporters.JUnitReportReporter -->
<testsuite hostname="DESKTOP-U5DCFPM" failures="0" tests="3" name="guru99bank.testcases.AddCustomerTest" time="56.666" errors="0" timestamp="2023-11-11T13:52:24 IST" skipped="0">
  <testcase classname="guru99bank.testcases.AddCustomerTest" name="testToVerifyAddNewCustomerPage" time="11.344"/>
  <testcase classname="guru99bank.testcases.AddCustomerTest" name="testToVerifyCustomerDetailsPage" time="22.821"/>
  <testcase classname="guru99bank.testcases.AddCustomerTest" name="testToVerifyNewlyCreatedCustomerDetails" time="22.501"/>
</testsuite> <!-- guru99bank.testcases.AddCustomerTest -->
